<?xml version="1.0" encoding="UTF-8"?>
<testsuite name="edu.mps.testesunitarioscomjunit.helloworldgradlejunit.PessoaTeste" tests="1" skipped="0" failures="0" errors="0" timestamp="2023-03-25T17:13:53" hostname="DESKTOP-LBIKP7J" time="0.191">
  <properties/>
  <testcase name="validarCalculoIdade()" classname="edu.mps.testesunitarioscomjunit.helloworldgradlejunit.PessoaTeste" time="0.191"/>
  <system-out><![CDATA[]]></system-out>
  <system-err><![CDATA[]]></system-err>
</testsuite>
